0.0 4.063120215178068e-9 0.00000 0.241397E-06 4.063120281354696e-9
0.026422364772865473 0.02708269912148024 0.253973E-05 1.60903 0.027081995803827506
0.053671712640703674 0.05436468548906424 0.515895E-05 3.22990 0.05436190292089822
0.08177374052444279 0.08250088028061492 0.786013E-05 4.90152 0.08249459433083249
0.11075476956171375 0.11151838252199607 0.106458E-04 6.62550 0.11150712723230093
0.14064330564860691 0.14214684610835954 0.135187E-04 8.44519 0.14212895384571084
0.1714671264283929 0.1738495083472856 0.164815E-04 10.3287 0.1738233559039798
0.20325432165269358 0.20613437884995572 0.195369E-04 12.2468 0.206098485382122
0.23603714251781563 0.23923390329784724 0.226880E-04 14.2133 0.23918676430462715
0.2698447191365521 0.273365210531732 0.259376E-04 16.2411 0.2733052861663532
0.30470930270520974 0.3085956273239424 0.292888E-04 18.3342 0.30852139861456485
0.34066522514243747 0.3448982229655455 0.327449E-04 20.4910 0.344808252397201
0.3777447376445419 0.3823436905674902 0.363090E-04 22.7157 0.38223660812856836
0.4159832124913434 0.42097915887040915 0.399845E-04 25.0111 0.42085369995597804
0.4554181026850043 0.4607894793505277 0.437750E-04 27.3763 0.46064454934955823
0.4960858208665162 0.5019008897059688 0.476840E-04 29.8188 0.5017355342045684
0.5380238200380415 0.5442376473178587 0.517151E-04 32.3341 0.5440511964374168
0.5812737146464275 0.587971435455645 0.558723E-04 34.9324 0.5877634321716839
0.6258750384161793 0.6330130461459871 0.601594E-04 37.6084 0.6327834330297625
0.671869405794144 0.679525746811791 0.645804E-04 40.3718 0.6792748093992347
0.7193005119495113 0.7274640918817324 0.691395E-04 43.2199 0.7271926320414167
0.7682141327738132 0.7769071903133019 0.738411E-04 46.1574 0.7766165520621022
0.8186550037974106 0.8279442500798397 0.786895E-04 49.1896 0.8276364168065843
0.8706720219953491 0.8804843800386973 0.836894E-04 52.3111 0.8801621360307933
0.9243130439815027 0.9348086694643621 0.888454E-04 55.5386 0.9344756193713856
0.9796280070920887 0.9907589004418532 0.941623E-04 58.8627 0.9904197119035828
1.0366710101080083 1.0484747760237603 0.996453E-04 62.2917 1.048135264918367
1.0954899096431359 1.108082533908206 0.105299E-03 65.8331 1.1077498692956165
1.1561533695347694 1.1694290056881351 0.111130E-03 69.4778 1.1691118519851065
1.2186998831462428 1.2328440925479756 0.117142E-03 73.2454 1.232552931442807
1.2832022757595387 1.2982655172233197 0.123342E-03 77.1322 1.298012807207132
1.3497229690449282 1.365560309338812 0.129736E-03 81.1303 1.3653606051260536
1.4183139810609702 1.4352283701790194 0.136329E-03 85.2694 1.4350991561563755
1.4890377334779352 1.5070576204110953 0.143127E-03 89.5369 1.5070190824602914
1.561967051577807 1.5809218223369161 0.150137E-03 93.9253 1.5809970833780291
1.6371747606425675 1.657428600076782 0.157366E-03 98.4707 1.657645358477594
1.7147232823424883 1.736340626758221 0.164820E-03 103.159 1.7367303436572483
1.794695845571263 1.8174862191117858 0.172507E-03 107.980 1.8180843962177926
1.877144468387452 1.901425872517143 0.180432E-03 112.967 1.9022745503899452
1.9621731869081722 1.988210082053542 0.188605E-03 118.123 1.989357471157203
2.049844422803696 2.077434887086989 0.197032E-03 123.424 2.0789341776730565
2.1402414049677163 2.1693695947068123 0.205721E-03 128.886 2.1712819254455
2.2334577659056407 2.2649062846464174 0.214681E-03 134.562 2.2673053849178357
2.3295767345111633 2.3631360454793153 0.223920E-03 140.398 2.3661004243459605
2.428671136066267 2.4639073919677603 0.233445E-03 146.385 2.4675239028152114
2.5308658139114937 2.5689034934200596 0.243268E-03 152.623 2.573281730911485
2.6362231897171142 2.6771481116373956 0.253395E-03 159.054 2.682404456518414
2.7448577032119585 2.788237285985773 0.263837E-03 165.654 2.7944982080965963
2.8568733905131456 2.9027264623369335 0.274604E-03 172.456 2.9101382614584956
2.9723638841260804 3.0222988099991874 0.285705E-03 179.560 3.031044544613331
3.091443623779594 3.144934525802563 0.297151E-03 186.846 3.155195884774902
3.2142166455908043 3.2705157878954783 0.308952E-03 194.307 3.282492137551871
3.3407973892885416 3.401314874844151 0.321119E-03 202.078 3.415261934612035
3.471310698213348 3.537011984480002 0.333664E-03 210.140 3.5532127998111913
3.6058606084823404 3.6759071158016403 0.346597E-03 218.392 3.69464689848455
3.744592770659486 3.8177814567989845 0.359932E-03 226.821 3.839369490877578
3.8876216244736135 3.9672973864560506 0.373680E-03 235.704 3.992180038718477
4.035072013265266 4.12118955631472 0.387853E-03 244.847 4.14979328645569
4.187099991210118 4.278313411245341 0.402466E-03 254.182 4.311079465807091
4.343819998037004 4.438399644158586 0.417530E-03 263.693 4.475802991066546
4.5053984915333105 4.608972021862595 0.433061E-03 273.827 4.6517793000050585
4.671970718651291 4.7831295501933 0.449072E-03 284.174 4.831972412829412
4.843692733566624 4.960299951585879 0.465578E-03 294.700 5.015847755983705
5.0207101868432735 5.14026441403025 0.482593E-03 305.391 5.203236236399996
5.203210343492053 5.333340765386347 0.500135E-03 316.863 5.40500061524526
5.391328450465217 5.529059692556488 0.518217E-03 328.491 5.610330680491935
5.58526217638529 5.727269710302926 0.536858E-03 340.267 5.819143326474684
5.7851675754279475 5.9275836896847505 0.556073E-03 352.168 6.031108172413785
5.991231912604005 6.1418343109393705 0.575880E-03 364.897 6.258917295040917
6.203642452924273 6.357801764888467 0.596297E-03 377.727 6.489762061873814
6.422596865011276 6.5752335761357905 0.617343E-03 390.646 6.723467337251049
6.6482824138758305 6.793607962195767 0.639036E-03 403.620 6.959565896317884
6.880907171752167 7.020919977282864 0.661396E-03 417.125 7.206878382395919
7.120679210874527 7.249124072103363 0.684443E-03 430.683 7.456842080434574
7.367817007088858 7.47736183031003 0.708198E-03 444.243 7.708622487614466
7.622528632629393 7.704892657407207 0.732681E-03 457.761 7.961495035612786
7.885053370565507 7.92936011636326 0.757915E-03 471.097 8.212897600293134
8.155630503966572 8.15184143553551 0.783923E-03 484.315 8.46407769235876
8.434478508678534 8.372942555874948 0.810726E-03 497.451 8.715783826740141
8.721867878605902 8.59210803150983 0.838350E-03 510.472 8.967450590588419
9.018037896818049 8.798346766856902 0.866818E-03 522.725 9.206348486200136
9.32325905721948 8.994469654661035 0.896156E-03 534.377 9.435493162831225
9.637791450102993 9.188791551305282 0.926389E-03 545.922 9.664518876372236
9.961915972984803 9.380975822927974 0.957544E-03 557.339 9.893066747384278
10.295913523381136 9.562253157432826 0.989648E-03 568.110 10.1105970240792
10.640085806031626 9.72331562854489 0.102273E-02 577.679 10.305535576237636
10.994744929287636 9.882981069131057 0.105682E-02 587.165 10.500399875902996
11.360119772606824 10.041081162260499 0.109194E-02 596.558 10.695008547435789
11.736626480457657 10.196976303596056 0.112813E-02 605.819 10.88858564044216
12.12447312507438 10.327977370861724 0.116541E-02 613.602 11.052596748724955
12.524179887042575 10.458086358393992 0.120383E-02 621.333 11.216754846948175
12.935954838596487 10.587252771113604 0.124341E-02 629.007 11.381016040177053
13.360110088087469 10.715106311772736 0.128418E-02 636.602 11.544923288843231
13.797061779983986 10.830942023570545 0.132618E-02 643.484 11.694595302165828
14.24722605875452 10.940718325858441 0.136945E-02 650.007 11.837501959694618
14.711019068867543 11.049855023809181 0.141403E-02 656.490 11.980637082363359
15.188648882557288 11.158082810333434 0.145994E-02 662.920 12.123659943501218
15.680635680409345 11.262725446230988 0.150723E-02 669.137 12.263001640493462
16.187395606892192 11.359793820241153 0.155594E-02 674.904 12.393216512039654
16.709344806474295 11.456289916686494 0.160611E-02 680.637 12.523607665359986
17.246899423624136 11.552112745408511 0.165778E-02 686.330 12.654049586905685
17.800475602810177 11.646992999317874 0.171099E-02 691.967 12.784181223538605
18.37059352461802 11.737126715777809 0.176579E-02 697.322 12.908727447488543
18.957565297399015 11.825897065098012 0.182221E-02 702.596 13.03229759373807
19.562119173972984 11.914027810081057 0.188032E-02 707.831 13.155895870099055
20.184567262691292 12.001148653479119 0.194015E-02 713.007 13.279004940614895
20.82542974413952 12.08690612973745 0.200175E-02 718.102 13.401115479396685
21.485226798903263 12.170963604994387 0.206517E-02 723.095 13.521726426238917
22.164478607568114 12.254196327290256 0.213046E-02 728.041 13.64208011901473
22.86370535071967 12.336520138159637 0.219767E-02 732.931 13.76205408820893
23.583531245060627 12.417615235433951 0.226686E-02 737.749 13.881174303131225
24.324476471176585 12.49855884747052 0.233808E-02 742.558 14.001028212405858
25.087165245770244 12.578576716387518 0.241139E-02 747.311 14.120479883045215
25.872013713310093 12.65753418864028 0.248683E-02 752.002 14.239322382969817
26.67975012661595 12.735111462060232 0.256447E-02 756.610 14.357059509709519
27.51099870239052 12.812234279766939 0.264437E-02 761.191 14.475092418174539
28.366383657336517 12.889811553186888 0.272659E-02 765.800 14.594844174620619
29.246425172039533 12.966059122853276 0.281118E-02 770.329 14.713576127394115
30.15195553543651 13.040909661993766 0.289822E-02 774.776 14.831161347485182
31.083494928113044 13.11399287336053 0.298776E-02 779.117 14.94698594402708
32.041771602888964 13.188304798322362 0.307987E-02 783.532 15.06582107671943
33.027409776466975 13.261993950640118 0.317461E-02 787.908 15.184754615439704
34.04124173778401 13.334033597035733 0.327206E-02 792.187 15.302115238111956
35.08389170354281 13.404204925499124 0.337228E-02 796.356 15.41750304254409
36.156191962680296 13.472895064971205 0.347535E-02 800.436 15.531513629708972
37.25876673189918 13.543773324544086 0.358133E-02 804.646 15.650291589912122
38.392448300136415 13.612665444333162 0.369030E-02 808.738 15.766885210164741
39.55796492021182 13.679621919417686 0.380233E-02 812.714 15.881321898630986
40.75604484494524 13.744272452549824 0.391749E-02 816.554 15.992900837435595
41.98762439939072 13.814241800696218 0.403587E-02 820.709 16.11490193907635
43.25332780025097 13.891701252264587 0.415753E-02 825.308 16.251527925606744
44.55419540869718 13.965356741196178 0.428257E-02 829.681 16.383032739415754
45.89085144143206 14.034568663153834 0.441105E-02 833.790 16.50807477778213
47.26423222350967 14.091240973764588 0.454306E-02 837.155 16.611564754996465
48.675170043866956 14.136518228158094 0.467868E-02 839.842 16.69498395960515
50.124601227557996 14.176039043517184 0.481800E-02 842.188 16.76834855952014
51.61325402740258 14.214650947449787 0.496109E-02 844.480 16.840534644266384
53.14206476845482 14.252370771648986 0.510804E-02 846.718 16.911550275724718
54.71196977576874 14.289198516114782 0.525894E-02 848.903 16.981371982595128
56.323905374398436 14.325151012540255 0.541388E-02 851.037 17.050008156373675
57.97859981716371 14.358629250082517 0.557293E-02 853.024 17.114351479609827
59.67719750135288 14.388017386205588 0.573620E-02 854.767 17.171183680996418
61.42042667978575 14.412389677789898 0.590376E-02 856.214 17.218568940762303
63.20922367751641 14.434186720332496 0.607570E-02 857.507 17.261144924150756
65.04462885571603 14.455748119171933 0.625212E-02 858.786 17.303447020058577
66.92747450332156 14.476417438277963 0.643310E-02 860.012 17.344175512946
68.85880098150419 14.493080814430218 0.661874E-02 861.001 17.377137954342164
70.83944057920084 14.509626368730896 0.680912E-02 861.983 17.409981434552705
72.8703296214656 14.519573899343 0.700433E-02 862.573 17.429782901605616
74.95250846946963 14.523074891504281 0.720447E-02 862.781 17.436761892782567
77.08680941214989 14.526643210437896 0.740962E-02 862.991 17.44388044600918
79.27416877456047 14.530245192757677 0.761987E-02 863.205 17.451071647572434
81.51552288175537 14.534436284335365 0.783531E-02 863.454 17.459445944431614
83.81170402267159 14.539233316864046 0.805602E-02 863.738 17.469040203957338
86.1638565945974 14.543491735214067 0.828211E-02 863.991 17.477565486260037
88.57260481423552 14.543037279500824 0.851364E-02 863.964 17.476655301885696
91.03898904275717 14.54263331886683 0.875071E-02 863.939 17.475846323715917
93.56384156909922 14.542246189925919 0.899340E-02 863.915 17.47507111884132
96.14799468219866 14.541253120034018 0.924179E-02 863.857 17.473082844496474
98.79238470710953 14.540260050142113 0.949597E-02 863.797 17.471094993965252
101.49763586053463 14.539250148557128 0.975600E-02 863.736 17.46907388539128
104.26499657587924 14.53822341527906 0.100220E-01 863.675 17.46701954034999
107.0947789614948 14.537163018614827 0.102940E-01 863.611 17.464898314258637
109.98698301738129 14.536068958564426 0.105720E-01 863.546 17.462710252656418
112.94472982705224 14.535042225286357 0.108563E-01 863.484 17.460657307163967
115.96593866816535 14.534267967404535 0.111467E-01 863.438 17.459109482653254
119.05373062423409 14.533880838463622 0.114435E-01 863.415 17.45833566653505
122.20602497291613 14.533561036295046 0.117465E-01 863.395 17.45769647545722
125.42594279772503 14.533224402433383 0.120560E-01 863.375 17.45702368996614
128.71348409866073 14.532837273492474 0.123720E-01 863.351 17.456250046512174
132.06760851455212 14.53243331285848 0.126944E-01 863.327 17.455442834641985
135.49039676774152 14.532096678996815 0.130234E-01 863.306 17.45477021131834
138.98080849705778 14.53206301561065 0.133589E-01 863.304 17.454702951647228
142.54092442484327 14.532029352224486 0.137011E-01 863.301 17.454635692459938
146.17074455109793 14.532012520531401 0.140500E-01 863.299 17.454602063047712
149.8692285146506 14.532029352224486 0.144055E-01 863.299 17.454635692459938
153.6374166766725 14.532046183917567 0.147677E-01 863.300 17.454669321993105
157.4753090371636 14.532046183917567 0.151366E-01 863.300 17.454669321993105
161.3839459572951 14.532046183917567 0.155123E-01 863.299 17.454669321993105
165.36124671472462 14.532029352224486 0.158946E-01 863.296 17.454635692459938
169.40929203179454 14.531978857145235 0.162837E-01 863.293 17.454534804586128
173.52600118616246 14.531928362065985 0.166794E-01 863.289 17.454433917800845
177.71345490017077 14.531844203600569 0.170819E-01 863.283 17.45426577557754
181.96957245147712 14.531743213442072 0.174910E-01 863.276 17.45406400890045
186.29435384008153 14.531659054976656 0.179067E-01 863.270 17.453895873328367
190.6877990659839 14.53152440143199 0.183290E-01 863.261 17.453626862700784
195.14886776801313 14.531339252808078 0.187578E-01 863.249 17.453256985722597
199.67755994616923 14.531137272491081 0.191931E-01 863.236 17.45285350024762
204.27283523928097 14.530935292174084 0.196348E-01 863.223 17.45245003217861
208.93365328617716 14.530733311857087 0.200828E-01 863.210 17.45204658151306
213.66001408685787 14.530514499847007 0.205371E-01 863.195 17.451609529595114
218.44983691898065 14.530278856143843 0.209975E-01 863.180 17.451138881133975
223.3031217825456 14.530026380747596 0.214640E-01 863.164 17.450634641199702
228.21882831638146 14.529757073658269 0.219365E-01 863.146 17.450096815222924
233.19487579814586 14.529487766568938 0.224148E-01 863.129 17.44955902015968
238.23126422783884 14.529201627786525 0.228989E-01 863.110 17.44898764677044
243.32487252194687 14.528915489004113 0.233885E-01 863.092 17.448416308265895
248.47570068046988 14.52857885514245 0.238836E-01 863.069 17.44774418997181
253.6816679810656 14.52807390434996 0.243840E-01 863.037 17.44673610301821
258.9406937013915 14.527568953557465 0.248895E-01 863.004 17.445728124614973
264.25173748027663 14.527064002764973 0.254000E-01 862.971 17.444720254723148
